{"C:\\Users\\hasna\\ShopingCard\\data\\testData.js": {"path":"C:\\Users\\hasna\\ShopingCard\\data\\testData.js","statementMap":{"0":{"start":{"line":3,"column":20},"end":{"line":88,"column":3}}},"fnMap":{},"branchMap":{},"s":{"0":1},"f":{},"b":{},"_coverageSchema":"1a1c01bbd47fc00a2c39e90264f33305004495a9","hash":"f20e9cf337ed070b313e003f7f9ab751a61d7f04"}
,"C:\\Users\\hasna\\ShopingCard\\redux\\store.js": {"path":"C:\\Users\\hasna\\ShopingCard\\redux\\store.js","statementMap":{"0":{"start":{"line":6,"column":14},"end":{"line":10,"column":3}}},"fnMap":{},"branchMap":{},"s":{"0":1},"f":{},"b":{},"_coverageSchema":"1a1c01bbd47fc00a2c39e90264f33305004495a9","hash":"e493d6a3e82ba3a94f9ca3d484d9a3d4f6f30555"}
,"C:\\Users\\hasna\\ShopingCard\\redux\\Cart\\actions.js": {"path":"C:\\Users\\hasna\\ShopingCard\\redux\\Cart\\actions.js","statementMap":{"0":{"start":{"line":1,"column":20},"end":{"line":5,"column":1}},"1":{"start":{"line":7,"column":4},"end":{"line":7,"column":21}},"2":{"start":{"line":8,"column":4},"end":{"line":11,"column":5}},"3":{"start":{"line":14,"column":4},"end":{"line":17,"column":5}},"4":{"start":{"line":20,"column":4},"end":{"line":22,"column":5}}},"fnMap":{"0":{"name":"add","decl":{"start":{"line":6,"column":9},"end":{"line":6,"column":12}},"loc":{"start":{"line":6,"column":19},"end":{"line":12,"column":1}},"line":6},"1":{"name":"remove","decl":{"start":{"line":13,"column":9},"end":{"line":13,"column":15}},"loc":{"start":{"line":13,"column":22},"end":{"line":18,"column":1}},"line":13},"2":{"name":"clear","decl":{"start":{"line":19,"column":9},"end":{"line":19,"column":14}},"loc":{"start":{"line":19,"column":17},"end":{"line":23,"column":1}},"line":19}},"branchMap":{},"s":{"0":1,"1":0,"2":0,"3":0,"4":0},"f":{"0":0,"1":0,"2":0},"b":{},"_coverageSchema":"1a1c01bbd47fc00a2c39e90264f33305004495a9","hash":"1f74704f851dba8203a39231727aae5e4d85da07"}
,"C:\\Users\\hasna\\ShopingCard\\redux\\Cart\\reducer.js": {"path":"C:\\Users\\hasna\\ShopingCard\\redux\\Cart\\reducer.js","statementMap":{"0":{"start":{"line":2,"column":22},"end":{"line":6,"column":1}},"1":{"start":{"line":7,"column":20},"end":{"line":36,"column":1}},"2":{"start":{"line":8,"column":4},"end":{"line":35,"column":5}},"3":{"start":{"line":10,"column":28},"end":{"line":10,"column":65}},"4":{"start":{"line":11,"column":26},"end":{"line":11,"column":39}},"5":{"start":{"line":13,"column":12},"end":{"line":18,"column":13}},"6":{"start":{"line":21,"column":12},"end":{"line":25,"column":13}},"7":{"start":{"line":23,"column":50},"end":{"line":23,"column":73}},"8":{"start":{"line":27,"column":12},"end":{"line":31,"column":13}},"9":{"start":{"line":33,"column":12},"end":{"line":33,"column":25}}},"fnMap":{"0":{"name":"(anonymous_0)","decl":{"start":{"line":7,"column":20},"end":{"line":7,"column":21}},"loc":{"start":{"line":7,"column":55},"end":{"line":36,"column":1}},"line":7},"1":{"name":"(anonymous_1)","decl":{"start":{"line":23,"column":42},"end":{"line":23,"column":43}},"loc":{"start":{"line":23,"column":50},"end":{"line":23,"column":73}},"line":23}},"branchMap":{"0":{"loc":{"start":{"line":7,"column":21},"end":{"line":7,"column":42}},"type":"default-arg","locations":[{"start":{"line":7,"column":29},"end":{"line":7,"column":42}}],"line":7},"1":{"loc":{"start":{"line":8,"column":4},"end":{"line":35,"column":5}},"type":"switch","locations":[{"start":{"line":9,"column":8},"end":{"line":18,"column":13}},{"start":{"line":19,"column":8},"end":{"line":25,"column":13}},{"start":{"line":26,"column":8},"end":{"line":31,"column":13}},{"start":{"line":32,"column":8},"end":{"line":33,"column":25}}],"line":8}},"s":{"0":1,"1":1,"2":3,"3":0,"4":0,"5":0,"6":0,"7":0,"8":0,"9":3},"f":{"0":3,"1":0},"b":{"0":[3],"1":[0,0,0,3]},"_coverageSchema":"1a1c01bbd47fc00a2c39e90264f33305004495a9","hash":"34bec03bea5154462972e362e5e71e215bcf437d"}
,"C:\\Users\\hasna\\ShopingCard\\redux\\Course\\reducer.js": {"path":"C:\\Users\\hasna\\ShopingCard\\redux\\Course\\reducer.js","statementMap":{"0":{"start":{"line":3,"column":22},"end":{"line":5,"column":1}},"1":{"start":{"line":6,"column":23},"end":{"line":8,"column":1}},"2":{"start":{"line":7,"column":4},"end":{"line":7,"column":17}}},"fnMap":{"0":{"name":"(anonymous_0)","decl":{"start":{"line":6,"column":23},"end":{"line":6,"column":24}},"loc":{"start":{"line":6,"column":58},"end":{"line":8,"column":1}},"line":6}},"branchMap":{"0":{"loc":{"start":{"line":6,"column":24},"end":{"line":6,"column":45}},"type":"default-arg","locations":[{"start":{"line":6,"column":32},"end":{"line":6,"column":45}}],"line":6}},"s":{"0":1,"1":1,"2":3},"f":{"0":3},"b":{"0":[3]},"_coverageSchema":"1a1c01bbd47fc00a2c39e90264f33305004495a9","hash":"be99515e2d827ca20240c3af2ca6b57653074813"}
,"C:\\Users\\hasna\\ShopingCard\\redux\\payement\\actions.js": {"path":"C:\\Users\\hasna\\ShopingCard\\redux\\payement\\actions.js","statementMap":{"0":{"start":{"line":1,"column":24},"end":{"line":3,"column":1}},"1":{"start":{"line":5,"column":17},"end":{"line":5,"column":18}},"2":{"start":{"line":6,"column":4},"end":{"line":8,"column":5}},"3":{"start":{"line":6,"column":17},"end":{"line":6,"column":18}},"4":{"start":{"line":7,"column":8},"end":{"line":7,"column":32}},"5":{"start":{"line":9,"column":17},"end":{"line":13,"column":1}},"6":{"start":{"line":14,"column":4},"end":{"line":17,"column":5}}},"fnMap":{"0":{"name":"addPayement","decl":{"start":{"line":4,"column":9},"end":{"line":4,"column":20}},"loc":{"start":{"line":4,"column":27},"end":{"line":18,"column":1}},"line":4}},"branchMap":{},"s":{"0":1,"1":0,"2":0,"3":0,"4":0,"5":0,"6":0},"f":{"0":0},"b":{},"_coverageSchema":"1a1c01bbd47fc00a2c39e90264f33305004495a9","hash":"d8baf7a7b5701ecb49fc272d6be30a595c4925be"}
,"C:\\Users\\hasna\\ShopingCard\\redux\\payement\\reducer.js": {"path":"C:\\Users\\hasna\\ShopingCard\\redux\\payement\\reducer.js","statementMap":{"0":{"start":{"line":2,"column":22},"end":{"line":5,"column":1}},"1":{"start":{"line":6,"column":24},"end":{"line":17,"column":1}},"2":{"start":{"line":7,"column":4},"end":{"line":16,"column":5}},"3":{"start":{"line":10,"column":12},"end":{"line":13,"column":13}},"4":{"start":{"line":15,"column":12},"end":{"line":15,"column":25}}},"fnMap":{"0":{"name":"(anonymous_0)","decl":{"start":{"line":6,"column":24},"end":{"line":6,"column":25}},"loc":{"start":{"line":6,"column":59},"end":{"line":17,"column":1}},"line":6}},"branchMap":{"0":{"loc":{"start":{"line":6,"column":25},"end":{"line":6,"column":46}},"type":"default-arg","locations":[{"start":{"line":6,"column":33},"end":{"line":6,"column":46}}],"line":6},"1":{"loc":{"start":{"line":7,"column":4},"end":{"line":16,"column":5}},"type":"switch","locations":[{"start":{"line":8,"column":8},"end":{"line":13,"column":13}},{"start":{"line":14,"column":8},"end":{"line":15,"column":25}}],"line":7}},"s":{"0":1,"1":1,"2":3,"3":0,"4":3},"f":{"0":3},"b":{"0":[3],"1":[0,3]},"_coverageSchema":"1a1c01bbd47fc00a2c39e90264f33305004495a9","hash":"c127d8152e9bc641619cd202b2064e44b774be12"}
}
