TN:
SF:data\testData.js
FNF:0
FNH:0
DA:3,1
LF:1
LH:1
BRF:0
BRH:0
end_of_record
TN:
SF:redux\store.js
FNF:0
FNH:0
DA:6,1
LF:1
LH:1
BRF:0
BRH:0
end_of_record
TN:
SF:redux\Cart\actions.js
FN:6,add
FN:13,remove
FN:19,clear
FNF:3
FNH:0
FNDA:0,add
FNDA:0,remove
FNDA:0,clear
DA:1,1
DA:7,0
DA:8,0
DA:14,0
DA:20,0
LF:5
LH:1
BRF:0
BRH:0
end_of_record
TN:
SF:redux\Cart\reducer.js
FN:7,(anonymous_0)
FN:23,(anonymous_1)
FNF:2
FNH:1
FNDA:3,(anonymous_0)
FNDA:0,(anonymous_1)
DA:2,1
DA:7,1
DA:8,3
DA:10,0
DA:11,0
DA:13,0
DA:21,0
DA:23,0
DA:27,0
DA:33,3
LF:10
LH:4
BRDA:7,0,0,3
BRDA:8,1,0,0
BRDA:8,1,1,0
BRDA:8,1,2,0
BRDA:8,1,3,3
BRF:5
BRH:2
end_of_record
TN:
SF:redux\Course\reducer.js
FN:6,(anonymous_0)
FNF:1
FNH:1
FNDA:3,(anonymous_0)
DA:3,1
DA:6,1
DA:7,3
LF:3
LH:3
BRDA:6,0,0,3
BRF:1
BRH:1
end_of_record
TN:
SF:redux\payement\actions.js
FN:4,addPayement
FNF:1
FNH:0
FNDA:0,addPayement
DA:1,1
DA:5,0
DA:6,0
DA:7,0
DA:9,0
DA:14,0
LF:6
LH:1
BRF:0
BRH:0
end_of_record
TN:
SF:redux\payement\reducer.js
FN:6,(anonymous_0)
FNF:1
FNH:1
FNDA:3,(anonymous_0)
DA:2,1
DA:6,1
DA:7,3
DA:10,0
DA:15,3
LF:5
LH:4
BRDA:6,0,0,3
BRDA:7,1,0,0
BRDA:7,1,1,3
BRF:3
BRH:2
end_of_record
